<!DOCTYPE html PUBLIC "-//W3C//DTD XHTML 1.1//EN" "https://www.w3.org/TR/xhtml11/DTD/xhtml11.dtd">
<html xmlns="https://www.w3.org/1999/xhtml">
<head>
<meta http-equiv="content-type" content="text/html; charset=UTF-8"/>
<title>TestNG Report</title>
<style type="text/css">table {margin-bottom:10px;border-collapse:collapse;empty-cells:show}th,td {border:1px solid #009;padding:.25em .5em}th {vertical-align:bottom}td {vertical-align:top}table a {font-weight:bold}.stripe td {background-color: #E6EBF9}.num {text-align:right}.passedodd td {background-color: #3F3}.passedeven td {background-color: #0A0}.skippedodd td {background-color: #DDD}.skippedeven td {background-color: #CCC}.failedodd td,.attn {background-color: #F33}.failedeven td,.stripe .attn {background-color: #D00}.stacktrace {white-space:pre;font-family:monospace}.totop {font-size:85%;text-align:center;border-bottom:2px solid #000}.invisible {display:none}</style>
</head>
<body>
<table>
<tr><th>Test</th><th># Passed</th><th># Skipped</th><th># Retried</th><th># Failed</th><th>Time (ms)</th><th>Included Groups</th><th>Excluded Groups</th></tr>
<tr><th colspan="8">Suite</th></tr>
<tr><td><a href="#t0">Test</a></td><td class="num">0</td><td class="num attn">7</td><td class="num">0</td><td class="num">0</td><td class="num">310,632</td><td></td><td></td></tr>
</table>
<table id='summary'><thead><tr><th>Class</th><th>Method</th><th>Start</th><th>Time (ms)</th></tr></thead><tbody><tr><th colspan="4">Suite</th></tr></tbody><tbody id="t0"><tr><th colspan="4">Test &#8212; failed (configuration methods)</th></tr><tr class="failedeven"><td rowspan="1">EssTestcases.AddProductTest</td><td><a href="#m0">ConfigBM</a></td><td rowspan="1">1732595979348</td><td rowspan="1">1</td></tr><tr class="failedodd"><td rowspan="1">EssTestcases.AddThirdPartyTest</td><td><a href="#m1">ConfigBM</a></td><td rowspan="1">1732595973368</td><td rowspan="1">1</td></tr><tr class="failedeven"><td rowspan="1">EssTestcases.CreateProductTest</td><td><a href="#m2">ConfigBM</a></td><td rowspan="1">1732595970660</td><td rowspan="1">1</td></tr><tr class="failedodd"><td rowspan="1">EssTestcases.CreateProspectTest</td><td><a href="#m3">ConfigBM</a></td><td rowspan="1">1732595977841</td><td rowspan="1">1</td></tr><tr class="failedeven"><td rowspan="1">EssTestcases.CreateVendorProposalTest</td><td><a href="#m4">ConfigBM</a></td><td rowspan="1">1732595974866</td><td rowspan="1">1</td></tr><tr class="failedodd"><td rowspan="1">EssTestcases.CreateWarehouseTest</td><td><a href="#m5">ConfigBM</a></td><td rowspan="1">1732595971988</td><td rowspan="1">2</td></tr><tr class="failedeven"><td rowspan="1">EssTestcases.VerifyDashboardTest</td><td><a href="#m6">ConfigBM</a></td><td rowspan="1">1732595976331</td><td rowspan="1">1</td></tr><tr><th colspan="4">Test &#8212; skipped (configuration methods)</th></tr><tr class="skippedeven"><td rowspan="1">EssTestcases.AddProductTest</td><td><a href="#m7">ConfigAC</a></td><td rowspan="1">1732595979361</td><td rowspan="1">0</td></tr><tr class="skippedodd"><td rowspan="1">EssTestcases.AddThirdPartyTest</td><td><a href="#m8">ConfigAC</a></td><td rowspan="1">1732595973379</td><td rowspan="1">0</td></tr><tr class="skippedeven"><td rowspan="1">EssTestcases.CreateProductTest</td><td><a href="#m9">ConfigAC</a></td><td rowspan="1">1732595970690</td><td rowspan="1">0</td></tr><tr class="skippedodd"><td rowspan="1">EssTestcases.CreateProspectTest</td><td><a href="#m10">ConfigAC</a></td><td rowspan="1">1732595977849</td><td rowspan="1">0</td></tr><tr class="skippedeven"><td rowspan="1">EssTestcases.CreateVendorProposalTest</td><td><a href="#m11">ConfigAC</a></td><td rowspan="1">1732595974873</td><td rowspan="1">0</td></tr><tr class="skippedodd"><td rowspan="1">EssTestcases.CreateWarehouseTest</td><td><a href="#m12">ConfigAC</a></td><td rowspan="1">1732595971999</td><td rowspan="1">0</td></tr><tr class="skippedeven"><td rowspan="1">EssTestcases.VerifyDashboardTest</td><td><a href="#m13">ConfigAC</a></td><td rowspan="1">1732595976340</td><td rowspan="1">0</td></tr><tr><th colspan="4">Test &#8212; skipped</th></tr><tr class="skippedeven"><td rowspan="1">EssTestcases.AddProductTest</td><td><a href="#m14">ap</a></td><td rowspan="1">1732595979354</td><td rowspan="1">0</td></tr><tr class="skippedodd"><td rowspan="1">EssTestcases.AddThirdPartyTest</td><td><a href="#m15">ctp</a></td><td rowspan="1">1732595973371</td><td rowspan="1">0</td></tr><tr class="skippedeven"><td rowspan="1">EssTestcases.CreateProductTest</td><td><a href="#m16">cp</a></td><td rowspan="1">1732595970671</td><td rowspan="1">0</td></tr><tr class="skippedodd"><td rowspan="1">EssTestcases.CreateProspectTest</td><td><a href="#m17">cp</a></td><td rowspan="1">1732595977844</td><td rowspan="1">0</td></tr><tr class="skippedeven"><td rowspan="1">EssTestcases.CreateVendorProposalTest</td><td><a href="#m18">cvp</a></td><td rowspan="1">1732595974868</td><td rowspan="1">0</td></tr><tr class="skippedodd"><td rowspan="1">EssTestcases.CreateWarehouseTest</td><td><a href="#m19">cw</a></td><td rowspan="1">1732595971994</td><td rowspan="1">0</td></tr><tr class="skippedeven"><td rowspan="1">EssTestcases.VerifyDashboardTest</td><td><a href="#m20">dashBoard</a></td><td rowspan="1">1732595976335</td><td rowspan="1">0</td></tr></tbody>
</table>
<h2>Test</h2><h3 id="m0">EssTestcases.AddProductTest#ConfigBM</h3><table class="result"><tr><th>Exception</th></tr><tr><td><div class="stacktrace">java.lang.NullPointerException: Cannot invoke &quot;org.openqa.selenium.WebDriver.get(String)&quot; because &quot;BaseClass1.BaseTest1.driver&quot; is null
	at BaseClass1.BaseTest1.ConfigBM(BaseTest1.java:76)
	at java.base/java.util.ArrayList.forEach(ArrayList.java:1596)
	at java.base/java.util.concurrent.FutureTask.run(FutureTask.java:317)
	at java.base/java.util.concurrent.ThreadPoolExecutor.runWorker(ThreadPoolExecutor.java:1144)
	at java.base/java.util.concurrent.ThreadPoolExecutor$Worker.run(ThreadPoolExecutor.java:642)
	at java.base/java.lang.Thread.run(Thread.java:1583)
... Removed 19 stack frames</div></td></tr></table><p class="totop"><a href="#summary">back to summary</a></p>
<h3 id="m1">EssTestcases.AddThirdPartyTest#ConfigBM</h3><table class="result"><tr><th>Exception</th></tr><tr><td><div class="stacktrace">java.lang.NullPointerException: Cannot invoke &quot;org.openqa.selenium.WebDriver.get(String)&quot; because &quot;BaseClass1.BaseTest1.driver&quot; is null
	at BaseClass1.BaseTest1.ConfigBM(BaseTest1.java:76)
	at java.base/java.util.ArrayList.forEach(ArrayList.java:1596)
	at java.base/java.util.concurrent.FutureTask.run(FutureTask.java:317)
	at java.base/java.util.concurrent.ThreadPoolExecutor.runWorker(ThreadPoolExecutor.java:1144)
	at java.base/java.util.concurrent.ThreadPoolExecutor$Worker.run(ThreadPoolExecutor.java:642)
	at java.base/java.lang.Thread.run(Thread.java:1583)
... Removed 19 stack frames</div></td></tr></table><p class="totop"><a href="#summary">back to summary</a></p>
<h3 id="m2">EssTestcases.CreateProductTest#ConfigBM</h3><table class="result"><tr><th>Exception</th></tr><tr><td><div class="stacktrace">java.lang.NullPointerException: Cannot invoke &quot;org.openqa.selenium.WebDriver.get(String)&quot; because &quot;BaseClass1.BaseTest1.driver&quot; is null
	at BaseClass1.BaseTest1.ConfigBM(BaseTest1.java:76)
	at java.base/java.util.ArrayList.forEach(ArrayList.java:1596)
	at java.base/java.util.concurrent.FutureTask.run(FutureTask.java:317)
	at java.base/java.util.concurrent.ThreadPoolExecutor.runWorker(ThreadPoolExecutor.java:1144)
	at java.base/java.util.concurrent.ThreadPoolExecutor$Worker.run(ThreadPoolExecutor.java:642)
	at java.base/java.lang.Thread.run(Thread.java:1583)
... Removed 19 stack frames</div></td></tr></table><p class="totop"><a href="#summary">back to summary</a></p>
<h3 id="m3">EssTestcases.CreateProspectTest#ConfigBM</h3><table class="result"><tr><th>Exception</th></tr><tr><td><div class="stacktrace">java.lang.NullPointerException: Cannot invoke &quot;org.openqa.selenium.WebDriver.get(String)&quot; because &quot;BaseClass1.BaseTest1.driver&quot; is null
	at BaseClass1.BaseTest1.ConfigBM(BaseTest1.java:76)
	at java.base/java.util.ArrayList.forEach(ArrayList.java:1596)
	at java.base/java.util.concurrent.FutureTask.run(FutureTask.java:317)
	at java.base/java.util.concurrent.ThreadPoolExecutor.runWorker(ThreadPoolExecutor.java:1144)
	at java.base/java.util.concurrent.ThreadPoolExecutor$Worker.run(ThreadPoolExecutor.java:642)
	at java.base/java.lang.Thread.run(Thread.java:1583)
... Removed 19 stack frames</div></td></tr></table><p class="totop"><a href="#summary">back to summary</a></p>
<h3 id="m4">EssTestcases.CreateVendorProposalTest#ConfigBM</h3><table class="result"><tr><th>Exception</th></tr><tr><td><div class="stacktrace">java.lang.NullPointerException: Cannot invoke &quot;org.openqa.selenium.WebDriver.get(String)&quot; because &quot;BaseClass1.BaseTest1.driver&quot; is null
	at BaseClass1.BaseTest1.ConfigBM(BaseTest1.java:76)
	at java.base/java.util.ArrayList.forEach(ArrayList.java:1596)
	at java.base/java.util.concurrent.FutureTask.run(FutureTask.java:317)
	at java.base/java.util.concurrent.ThreadPoolExecutor.runWorker(ThreadPoolExecutor.java:1144)
	at java.base/java.util.concurrent.ThreadPoolExecutor$Worker.run(ThreadPoolExecutor.java:642)
	at java.base/java.lang.Thread.run(Thread.java:1583)
... Removed 19 stack frames</div></td></tr></table><p class="totop"><a href="#summary">back to summary</a></p>
<h3 id="m5">EssTestcases.CreateWarehouseTest#ConfigBM</h3><table class="result"><tr><th>Exception</th></tr><tr><td><div class="stacktrace">java.lang.NullPointerException: Cannot invoke &quot;org.openqa.selenium.WebDriver.get(String)&quot; because &quot;BaseClass1.BaseTest1.driver&quot; is null
	at BaseClass1.BaseTest1.ConfigBM(BaseTest1.java:76)
	at java.base/java.util.ArrayList.forEach(ArrayList.java:1596)
	at java.base/java.util.concurrent.FutureTask.run(FutureTask.java:317)
	at java.base/java.util.concurrent.ThreadPoolExecutor.runWorker(ThreadPoolExecutor.java:1144)
	at java.base/java.util.concurrent.ThreadPoolExecutor$Worker.run(ThreadPoolExecutor.java:642)
	at java.base/java.lang.Thread.run(Thread.java:1583)
... Removed 19 stack frames</div></td></tr></table><p class="totop"><a href="#summary">back to summary</a></p>
<h3 id="m6">EssTestcases.VerifyDashboardTest#ConfigBM</h3><table class="result"><tr><th>Exception</th></tr><tr><td><div class="stacktrace">java.lang.NullPointerException: Cannot invoke &quot;org.openqa.selenium.WebDriver.get(String)&quot; because &quot;BaseClass1.BaseTest1.driver&quot; is null
	at BaseClass1.BaseTest1.ConfigBM(BaseTest1.java:76)
	at java.base/java.util.ArrayList.forEach(ArrayList.java:1596)
	at java.base/java.util.concurrent.FutureTask.run(FutureTask.java:317)
	at java.base/java.util.concurrent.ThreadPoolExecutor.runWorker(ThreadPoolExecutor.java:1144)
	at java.base/java.util.concurrent.ThreadPoolExecutor$Worker.run(ThreadPoolExecutor.java:642)
	at java.base/java.lang.Thread.run(Thread.java:1583)
... Removed 19 stack frames</div></td></tr></table><p class="totop"><a href="#summary">back to summary</a></p>
<h3 id="m7">EssTestcases.AddProductTest#ConfigAC</h3><table class="result"><tr><th class="invisible"/></tr></table><p class="totop"><a href="#summary">back to summary</a></p>
<h3 id="m8">EssTestcases.AddThirdPartyTest#ConfigAC</h3><table class="result"><tr><th class="invisible"/></tr></table><p class="totop"><a href="#summary">back to summary</a></p>
<h3 id="m9">EssTestcases.CreateProductTest#ConfigAC</h3><table class="result"><tr><th class="invisible"/></tr></table><p class="totop"><a href="#summary">back to summary</a></p>
<h3 id="m10">EssTestcases.CreateProspectTest#ConfigAC</h3><table class="result"><tr><th class="invisible"/></tr></table><p class="totop"><a href="#summary">back to summary</a></p>
<h3 id="m11">EssTestcases.CreateVendorProposalTest#ConfigAC</h3><table class="result"><tr><th class="invisible"/></tr></table><p class="totop"><a href="#summary">back to summary</a></p>
<h3 id="m12">EssTestcases.CreateWarehouseTest#ConfigAC</h3><table class="result"><tr><th class="invisible"/></tr></table><p class="totop"><a href="#summary">back to summary</a></p>
<h3 id="m13">EssTestcases.VerifyDashboardTest#ConfigAC</h3><table class="result"><tr><th class="invisible"/></tr></table><p class="totop"><a href="#summary">back to summary</a></p>
<h3 id="m14">EssTestcases.AddProductTest#ap</h3><table class="result"><tr><th>Exception</th></tr><tr><td><div class="stacktrace">java.lang.NullPointerException: Cannot invoke &quot;org.openqa.selenium.WebDriver.get(String)&quot; because &quot;BaseClass1.BaseTest1.driver&quot; is null
	at BaseClass1.BaseTest1.ConfigBM(BaseTest1.java:76)
	at java.base/java.util.ArrayList.forEach(ArrayList.java:1596)
	at java.base/java.util.concurrent.FutureTask.run(FutureTask.java:317)
	at java.base/java.util.concurrent.ThreadPoolExecutor.runWorker(ThreadPoolExecutor.java:1144)
	at java.base/java.util.concurrent.ThreadPoolExecutor$Worker.run(ThreadPoolExecutor.java:642)
	at java.base/java.lang.Thread.run(Thread.java:1583)
... Removed 19 stack frames</div></td></tr></table><p class="totop"><a href="#summary">back to summary</a></p>
<h3 id="m15">EssTestcases.AddThirdPartyTest#ctp</h3><table class="result"><tr><th>Exception</th></tr><tr><td><div class="stacktrace">java.lang.NullPointerException: Cannot invoke &quot;org.openqa.selenium.WebDriver.get(String)&quot; because &quot;BaseClass1.BaseTest1.driver&quot; is null
	at BaseClass1.BaseTest1.ConfigBM(BaseTest1.java:76)
	at java.base/java.util.ArrayList.forEach(ArrayList.java:1596)
	at java.base/java.util.concurrent.FutureTask.run(FutureTask.java:317)
	at java.base/java.util.concurrent.ThreadPoolExecutor.runWorker(ThreadPoolExecutor.java:1144)
	at java.base/java.util.concurrent.ThreadPoolExecutor$Worker.run(ThreadPoolExecutor.java:642)
	at java.base/java.lang.Thread.run(Thread.java:1583)
... Removed 19 stack frames</div></td></tr></table><p class="totop"><a href="#summary">back to summary</a></p>
<h3 id="m16">EssTestcases.CreateProductTest#cp</h3><table class="result"><tr><th>Exception</th></tr><tr><td><div class="stacktrace">java.lang.NullPointerException: Cannot invoke &quot;org.openqa.selenium.WebDriver.get(String)&quot; because &quot;BaseClass1.BaseTest1.driver&quot; is null
	at BaseClass1.BaseTest1.ConfigBM(BaseTest1.java:76)
	at java.base/java.util.ArrayList.forEach(ArrayList.java:1596)
	at java.base/java.util.concurrent.FutureTask.run(FutureTask.java:317)
	at java.base/java.util.concurrent.ThreadPoolExecutor.runWorker(ThreadPoolExecutor.java:1144)
	at java.base/java.util.concurrent.ThreadPoolExecutor$Worker.run(ThreadPoolExecutor.java:642)
	at java.base/java.lang.Thread.run(Thread.java:1583)
... Removed 19 stack frames</div></td></tr></table><p class="totop"><a href="#summary">back to summary</a></p>
<h3 id="m17">EssTestcases.CreateProspectTest#cp</h3><table class="result"><tr><th>Exception</th></tr><tr><td><div class="stacktrace">java.lang.NullPointerException: Cannot invoke &quot;org.openqa.selenium.WebDriver.get(String)&quot; because &quot;BaseClass1.BaseTest1.driver&quot; is null
	at BaseClass1.BaseTest1.ConfigBM(BaseTest1.java:76)
	at java.base/java.util.ArrayList.forEach(ArrayList.java:1596)
	at java.base/java.util.concurrent.FutureTask.run(FutureTask.java:317)
	at java.base/java.util.concurrent.ThreadPoolExecutor.runWorker(ThreadPoolExecutor.java:1144)
	at java.base/java.util.concurrent.ThreadPoolExecutor$Worker.run(ThreadPoolExecutor.java:642)
	at java.base/java.lang.Thread.run(Thread.java:1583)
... Removed 19 stack frames</div></td></tr></table><p class="totop"><a href="#summary">back to summary</a></p>
<h3 id="m18">EssTestcases.CreateVendorProposalTest#cvp</h3><table class="result"><tr><th>Exception</th></tr><tr><td><div class="stacktrace">java.lang.NullPointerException: Cannot invoke &quot;org.openqa.selenium.WebDriver.get(String)&quot; because &quot;BaseClass1.BaseTest1.driver&quot; is null
	at BaseClass1.BaseTest1.ConfigBM(BaseTest1.java:76)
	at java.base/java.util.ArrayList.forEach(ArrayList.java:1596)
	at java.base/java.util.concurrent.FutureTask.run(FutureTask.java:317)
	at java.base/java.util.concurrent.ThreadPoolExecutor.runWorker(ThreadPoolExecutor.java:1144)
	at java.base/java.util.concurrent.ThreadPoolExecutor$Worker.run(ThreadPoolExecutor.java:642)
	at java.base/java.lang.Thread.run(Thread.java:1583)
... Removed 19 stack frames</div></td></tr></table><p class="totop"><a href="#summary">back to summary</a></p>
<h3 id="m19">EssTestcases.CreateWarehouseTest#cw</h3><table class="result"><tr><th>Exception</th></tr><tr><td><div class="stacktrace">java.lang.NullPointerException: Cannot invoke &quot;org.openqa.selenium.WebDriver.get(String)&quot; because &quot;BaseClass1.BaseTest1.driver&quot; is null
	at BaseClass1.BaseTest1.ConfigBM(BaseTest1.java:76)
	at java.base/java.util.ArrayList.forEach(ArrayList.java:1596)
	at java.base/java.util.concurrent.FutureTask.run(FutureTask.java:317)
	at java.base/java.util.concurrent.ThreadPoolExecutor.runWorker(ThreadPoolExecutor.java:1144)
	at java.base/java.util.concurrent.ThreadPoolExecutor$Worker.run(ThreadPoolExecutor.java:642)
	at java.base/java.lang.Thread.run(Thread.java:1583)
... Removed 19 stack frames</div></td></tr></table><p class="totop"><a href="#summary">back to summary</a></p>
<h3 id="m20">EssTestcases.VerifyDashboardTest#dashBoard</h3><table class="result"><tr><th>Exception</th></tr><tr><td><div class="stacktrace">java.lang.NullPointerException: Cannot invoke &quot;org.openqa.selenium.WebDriver.get(String)&quot; because &quot;BaseClass1.BaseTest1.driver&quot; is null
	at BaseClass1.BaseTest1.ConfigBM(BaseTest1.java:76)
	at java.base/java.util.ArrayList.forEach(ArrayList.java:1596)
	at java.base/java.util.concurrent.FutureTask.run(FutureTask.java:317)
	at java.base/java.util.concurrent.ThreadPoolExecutor.runWorker(ThreadPoolExecutor.java:1144)
	at java.base/java.util.concurrent.ThreadPoolExecutor$Worker.run(ThreadPoolExecutor.java:642)
	at java.base/java.lang.Thread.run(Thread.java:1583)
... Removed 19 stack frames</div></td></tr></table><p class="totop"><a href="#summary">back to summary</a></p>
</body>
</html>
